[Mon Feb 26 21:07:56.196819 2024] [ssl:warn] [pid 1952:tid 404] AH01909: www.example.com:443:0 server certificate does NOT include an ID which matches the server name
[Mon Feb 26 21:07:56.275371 2024] [ssl:warn] [pid 1952:tid 404] AH01909: www.example.com:443:0 server certificate does NOT include an ID which matches the server name
[Mon Feb 26 21:07:56.421912 2024] [mpm_winnt:notice] [pid 1952:tid 404] AH00455: Apache/2.4.58 (Win64) OpenSSL/3.1.3 PHP/8.2.12 configured -- resuming normal operations
[Mon Feb 26 21:07:56.421912 2024] [mpm_winnt:notice] [pid 1952:tid 404] AH00456: Apache Lounge VS17 Server built: Oct 18 2023 13:03:18
[Mon Feb 26 21:07:56.421912 2024] [core:notice] [pid 1952:tid 404] AH00094: Command line: 'd:\\construempleo\\xampp\\apache\\bin\\httpd.exe -d D:/Construempleo/xampp/apache'
[Mon Feb 26 21:07:56.437924 2024] [mpm_winnt:notice] [pid 1952:tid 404] AH00418: Parent: Created child process 12676
[Mon Feb 26 21:07:58.130997 2024] [ssl:warn] [pid 12676:tid 388] AH01909: www.example.com:443:0 server certificate does NOT include an ID which matches the server name
[Mon Feb 26 21:07:58.216545 2024] [ssl:warn] [pid 12676:tid 388] AH01909: www.example.com:443:0 server certificate does NOT include an ID which matches the server name
[Mon Feb 26 21:07:58.346090 2024] [mpm_winnt:notice] [pid 12676:tid 388] AH00354: Child: Starting 150 worker threads.
[Mon Feb 26 21:11:58.750884 2024] [php:error] [pid 12676:tid 1916] [client ::1:51141] script 'D:/Construempleo/xampp/htdocs/hola.php' not found or unable to stat
[Mon Feb 26 22:32:19.559228 2024] [php:error] [pid 12676:tid 1932] [client ::1:53602] script 'D:/Construempleo/xampp/htdocs/cerrar_sesion.php' not found or unable to stat, referer: http://localhost/bienvenida.php
[Mon Feb 26 22:32:22.440010 2024] [php:error] [pid 12676:tid 1932] [client ::1:53602] script 'D:/Construempleo/xampp/htdocs/cerrar_sesion.php' not found or unable to stat, referer: http://localhost/bienvenida.php
[Mon Feb 26 22:49:45.287585 2024] [php:error] [pid 12676:tid 1916] [client ::1:54012] script 'D:/Construempleo/xampp/htdocs/bienvenida.php' not found or unable to stat, referer: http://localhost/index.html
[Mon Feb 26 22:49:54.863152 2024] [php:error] [pid 12676:tid 1932] [client ::1:54018] script 'D:/Construempleo/xampp/htdocs/bienvenida.php' not found or unable to stat, referer: http://localhost/index.html
[Mon Feb 26 23:24:32.643856 2024] [php:error] [pid 12676:tid 1916] [client ::1:54330] script 'D:/Construempleo/xampp/htdocs/bienvenida.php' not found or unable to stat, referer: http://localhost/index.html
[Mon Feb 26 23:35:41.319963 2024] [php:error] [pid 12676:tid 1916] [client ::1:55073] script 'D:/Construempleo/xampp/htdocs/bienvenida.php' not found or unable to stat, referer: http://localhost/index.html
[Tue Feb 27 17:51:40.974808 2024] [ssl:warn] [pid 14352:tid 356] AH01909: www.example.com:443:0 server certificate does NOT include an ID which matches the server name
[Tue Feb 27 17:51:41.111336 2024] [core:warn] [pid 14352:tid 356] AH00098: pid file D:/Construempleo/xampp/apache/logs/httpd.pid overwritten -- Unclean shutdown of previous Apache run?
[Tue Feb 27 17:51:41.115338 2024] [ssl:warn] [pid 14352:tid 356] AH01909: www.example.com:443:0 server certificate does NOT include an ID which matches the server name
[Tue Feb 27 17:51:45.277464 2024] [mpm_winnt:notice] [pid 14352:tid 356] AH00455: Apache/2.4.58 (Win64) OpenSSL/3.1.3 PHP/8.2.12 configured -- resuming normal operations
[Tue Feb 27 17:51:45.277464 2024] [mpm_winnt:notice] [pid 14352:tid 356] AH00456: Apache Lounge VS17 Server built: Oct 18 2023 13:03:18
[Tue Feb 27 17:51:45.277464 2024] [core:notice] [pid 14352:tid 356] AH00094: Command line: 'd:\\construempleo\\xampp\\apache\\bin\\httpd.exe -d D:/Construempleo/xampp/apache'
[Tue Feb 27 17:51:45.325466 2024] [mpm_winnt:notice] [pid 14352:tid 356] AH00418: Parent: Created child process 16596
[Tue Feb 27 17:51:48.664467 2024] [ssl:warn] [pid 16596:tid 280] AH01909: www.example.com:443:0 server certificate does NOT include an ID which matches the server name
